-------------------------------------------------------------------------------
Test set: com.classboxes.onlinefoodorderingmanagementapplication.OnlineFoodOrderingManagementApplicationTests
-------------------------------------------------------------------------------
Tests run: 1, Failures: 0, Errors: 1, Skipped: 0, Time elapsed: 1.152 s <<< FAILURE! - in com.classboxes.onlinefoodorderingmanagementapplication.OnlineFoodOrderingManagementApplicationTests
com.classboxes.onlinefoodorderingmanagementapplication.OnlineFoodOrderingManagementApplicationTests  Time elapsed: 1.145 s  <<< ERROR!
java.lang.IllegalStateException: Unable to find a @SpringBootConfiguration, you need to use @ContextConfiguration or @SpringBootTest(classes=...) with your test

